android/build/intermediates/manifest_merge_blame_file/release/manifest-merger-blame-release-report.txt
1<?xml version="1.0" encoding="utf-8"?>
2<manifest xmlns:android="http://schemas.android.com/apk/res/android"
3    package="com.reactnative.ivpusic.imagepicker" >
4
5    <uses-sdk
6        android:minSdkVersion="21"
6-->src/main/AndroidManifest.xml
7        android:targetSdkVersion="33" />
7-->src/main/AndroidManifest.xml
8
9    <queries>
9-->src/main/AndroidManifest.xml:4:5-8:15
10        <intent>
10-->src/main/AndroidManifest.xml:5:9-7:18
11            <action android:name="android.media.action.IMAGE_CAPTURE" />
11-->src/main/AndroidManifest.xml:6:13-73
11-->src/main/AndroidManifest.xml:6:21-70
12        </intent>
13    </queries>
14
15    <uses-permission android:name="android.permission.WRITE_EXTERNAL_STORAGE" />
15-->src/main/AndroidManifest.xml:10:5-81
15-->src/main/AndroidManifest.xml:10:22-78
16
17    <application>
17-->src/main/AndroidManifest.xml:12:5-27:19
18        <provider
18-->src/main/AndroidManifest.xml:14:9-22:20
19            android:name="androidx.core.content.FileProvider"
19-->src/main/AndroidManifest.xml:15:13-62
20            android:authorities="${applicationId}.provider"
20-->src/main/AndroidManifest.xml:16:13-60
21            android:exported="false"
21-->src/main/AndroidManifest.xml:17:13-37
22            android:grantUriPermissions="true" >
22-->src/main/AndroidManifest.xml:18:13-47
23            <meta-data
23-->src/main/AndroidManifest.xml:19:13-21:58
24                android:name="android.support.FILE_PROVIDER_PATHS"
24-->src/main/AndroidManifest.xml:20:17-67
25                android:resource="@xml/provider_paths" />
25-->src/main/AndroidManifest.xml:21:17-55
26        </provider>
27
28        <activity
28-->src/main/AndroidManifest.xml:24:9-26:72
29            android:name="com.yalantis.ucrop.UCropActivity"
29-->src/main/AndroidManifest.xml:25:13-60
30            android:theme="@style/Theme.AppCompat.Light.NoActionBar" />
30-->src/main/AndroidManifest.xml:26:13-69
31    </application>
32
33</manifest>